<?xml version="1.0" encoding="UTF-8"?>
<!-- Generated by org.testng.reporters.JUnitReportReporter -->
<testsuite skipped="0" hostname="name" name="capturescreenshots.Facbookscreenshot" tests="1" failures="0" timestamp="2021-05-28T10:33:13 IST" time="12.929" errors="0">
  <testcase name="CaptureScreenShot" time="12.929" classname="capturescreenshots.Facbookscreenshot"/>
  <system-out/>
</testsuite> <!-- capturescreenshots.Facbookscreenshot -->
